#
# There is insufficient memory for the Java Runtime Environment to continue.
# Native memory allocation (malloc) failed to allocate 1048576 bytes for AllocateHeap
# Possible reasons:
#   The system is out of physical RAM or swap space
#   The process is running with CompressedOops enabled, and the Java Heap may be blocking the growth of the native heap
# Possible solutions:
#   Reduce memory load on the system
#   Increase physical memory or swap space
#   Check if swap backing store is full
#   Decrease Java heap size (-Xmx/-Xms)
#   Decrease number of Java threads
#   Decrease Java thread stack sizes (-Xss)
#   Set larger code cache with -XX:ReservedCodeCacheSize=
# This output file may be truncated or incomplete.
#
#  Out of Memory Error (t:/workspace/open/src/hotspot/share/memory/allocation.cpp:45), pid=3436, tid=10832
#
# JRE version:  (13.0.2+8) (build )
# Java VM: Java HotSpot(TM) 64-Bit Server VM (13.0.2+8, mixed mode, aot, sharing, tiered, compressed oops, g1 gc, windows-amd64)
# No core dump will be written. Minidumps are not enabled by default on client versions of Windows
#

---------------  S U M M A R Y ------------

Command Line: JanelaChat

Host: Intel(R) Core(TM) i5-8265U CPU @ 1.60GHz, 8 cores, 7G,  Windows 10 , 64 bit Build 18362 (10.0.18362.1350)
Time: Sun Feb 21 09:04:41 2021 Hora Padrão de Buenos Aires elapsed time: 0 seconds (0d 0h 0m 0s)

---------------  T H R E A D  ---------------

Current thread (0x0000020eadafd800):  JavaThread "Unknown thread" [_thread_in_vm, id=10832, stack(0x000000f1d7e00000,0x000000f1d7f00000)]

Stack: [0x000000f1d7e00000,0x000000f1d7f00000]
Native frames: (J=compiled Java code, j=interpreted, Vv=VM code, C=native code)
V  [jvm.dll+0x624f9a]
V  [jvm.dll+0x770cfa]
V  [jvm.dll+0x7724af]
V  [jvm.dll+0x772ab3]
V  [jvm.dll+0x24bf08]
V  [jvm.dll+0xb8d8f]
V  [jvm.dll+0x2ed783]
V  [jvm.dll+0x2e6765]
V  [jvm.dll+0x74dd78]
V  [jvm.dll+0x361989]
V  [jvm.dll+0x730e65]
V  [jvm.dll+0x3cc53f]
V  [jvm.dll+0x3ce861]
C  [jli.dll+0x51ff]
C  [ucrtbase.dll+0x210b2]
C  [KERNEL32.DLL+0x17c24]
C  [ntdll.dll+0x6d721]


---------------  P R O C E S S  ---------------

Threads class SMR info:
_java_thread_list=0x00007ffd931accb8, length=0, elements={
}

Java Threads: ( => current thread )

Other Threads:
  0x0000020eadb3f000 GCTaskThread "GC Thread#0" [stack: 0x000000f1d7f00000,0x000000f1d8000000] [id=11952]

[error occurred during error reporting (printing all threads), id 0xc0000005, EXCEPTION_ACCESS_VIOLATION (0xc0000005) at pc=0x00007ffd929e2260]

VM state:not at safepoint (not fully initialized)

VM Mutex/Monitor currently owned by a thread:  ([mutex/lock_event])
[0x0000020eadaf9b90] Heap_lock - owner thread: 0x0000020eadafd800

Heap address: 0x0000000082200000, size: 2014 MB, Compressed Oops mode: Non-zero based: 0x0000000082200000
Narrow klass base: 0x0000000000000000, Narrow klass shift: 0

GC Heap History (0 events):
No events

Deoptimization events (0 events):
No events

Classes unloaded (0 events):
No events

Classes redefined (0 events):
No events

Internal exceptions (0 events):
No events

Events (8 events):
Event: 0.005 Loaded shared library C:\Program Files\Java\jdk-13.0.2\bin\zip.dll
Event: 0.006 Loaded shared library C:\Program Files\Java\jdk-13.0.2\bin\jimage.dll
Event: 0.006 Loading shared library C:\Program Files\Java\jdk-13.0.2\lib\libjava.base-coop.dll failed, error code 126
Event: 0.006 Loading shared library C:\Program Files\Java\jdk-13.0.2\lib\libjava.logging-coop.dll failed, error code 126
Event: 0.007 Loading shared library C:\Program Files\Java\jdk-13.0.2\lib\libjdk.compiler-coop.dll failed, error code 126
Event: 0.007 Loading shared library C:\Program Files\Java\jdk-13.0.2\lib\libjdk.scripting.nashorn-coop.dll failed, error code 126
Event: 0.007 Loading shared library C:\Program Files\Java\jdk-13.0.2\lib\libjdk.internal.vm.ci-coop.dll failed, error code 126
Event: 0.007 Loading shared library C:\Program Files\Java\jdk-13.0.2\lib\libjdk.internal.vm.compiler-coop.dll failed, error code 126


Dynamic libraries:
0x00007ff72b1c0000 - 0x00007ff72b1cf000 	C:\Program Files\Java\jdk-13.0.2\bin\java.exe
0x00007ffdda8a0000 - 0x00007ffddaa90000 	C:\WINDOWS\SYSTEM32\ntdll.dll
0x00007ffdd8d10000 - 0x00007ffdd8dc2000 	C:\WINDOWS\System32\KERNEL32.DLL
0x00007ffdd7b20000 - 0x00007ffdd7dc5000 	C:\WINDOWS\System32\KERNELBASE.dll
0x00007ffdd7dd0000 - 0x00007ffdd7eca000 	C:\WINDOWS\System32\ucrtbase.dll
0x00007ffdc38c0000 - 0x00007ffdc38d5000 	C:\Program Files\Java\jdk-13.0.2\bin\VCRUNTIME140.dll
0x00007ffdc51f0000 - 0x00007ffdc5208000 	C:\Program Files\Java\jdk-13.0.2\bin\jli.dll
0x00007ffdda260000 - 0x00007ffdda303000 	C:\WINDOWS\System32\ADVAPI32.dll
0x00007ffdd8c00000 - 0x00007ffdd8c9e000 	C:\WINDOWS\System32\msvcrt.dll
0x00007ffdd9300000 - 0x00007ffdd9397000 	C:\WINDOWS\System32\sechost.dll
0x00007ffdd8dd0000 - 0x00007ffdd8eef000 	C:\WINDOWS\System32\RPCRT4.dll
0x00007ffdda6b0000 - 0x00007ffdda844000 	C:\WINDOWS\System32\USER32.dll
0x00007ffdd7ed0000 - 0x00007ffdd7ef1000 	C:\WINDOWS\System32\win32u.dll
0x00007ffdb6620000 - 0x00007ffdb68a4000 	C:\WINDOWS\WinSxS\amd64_microsoft.windows.common-controls_6595b64144ccf1df_6.0.18362.1379_none_9e7ff3b3e45cc0c4\COMCTL32.dll
0x00007ffdda600000 - 0x00007ffdda626000 	C:\WINDOWS\System32\GDI32.dll
0x00007ffdd8ef0000 - 0x00007ffdd9227000 	C:\WINDOWS\System32\combase.dll
0x00007ffdd7f90000 - 0x00007ffdd8128000 	C:\WINDOWS\System32\gdi32full.dll
0x00007ffdd7f00000 - 0x00007ffdd7f81000 	C:\WINDOWS\System32\bcryptPrimitives.dll
0x00007ffdd8130000 - 0x00007ffdd81ce000 	C:\WINDOWS\System32\msvcp_win.dll
0x00007ffdbbc20000 - 0x00007ffdbbc2a000 	C:\WINDOWS\SYSTEM32\VERSION.dll
0x00007ffdd94f0000 - 0x00007ffdd951e000 	C:\WINDOWS\System32\IMM32.DLL
0x00007ffdc25e0000 - 0x00007ffdc267b000 	C:\Program Files\Java\jdk-13.0.2\bin\msvcp140.dll
0x00007ffd926f0000 - 0x00007ffd9324d000 	C:\Program Files\Java\jdk-13.0.2\bin\server\jvm.dll
0x00007ffdda850000 - 0x00007ffdda858000 	C:\WINDOWS\System32\PSAPI.DLL
0x00007ffdd1c70000 - 0x00007ffdd1c94000 	C:\WINDOWS\SYSTEM32\WINMM.dll
0x00007ffdc14c0000 - 0x00007ffdc14c9000 	C:\WINDOWS\SYSTEM32\WSOCK32.dll
0x00007ffdd9480000 - 0x00007ffdd94ef000 	C:\WINDOWS\System32\WS2_32.dll
0x00007ffdd1b60000 - 0x00007ffdd1b8d000 	C:\WINDOWS\SYSTEM32\WINMMBASE.dll
0x00007ffdd7970000 - 0x00007ffdd79ba000 	C:\WINDOWS\System32\cfgmgr32.dll
0x00007ffdd77d0000 - 0x00007ffdd77e1000 	C:\WINDOWS\System32\kernel.appcore.dll
0x00007ffdc51e0000 - 0x00007ffdc51f0000 	C:\Program Files\Java\jdk-13.0.2\bin\verify.dll
0x00007ffdd6320000 - 0x00007ffdd6514000 	C:\WINDOWS\SYSTEM32\DBGHELP.DLL
0x00007ffdb77c0000 - 0x00007ffdb77ea000 	C:\WINDOWS\SYSTEM32\dbgcore.DLL
0x00007ffdc35c0000 - 0x00007ffdc35e6000 	C:\Program Files\Java\jdk-13.0.2\bin\java.dll
0x00007ffdc35a0000 - 0x00007ffdc35b7000 	C:\Program Files\Java\jdk-13.0.2\bin\zip.dll
0x00007ffdc4a60000 - 0x00007ffdc4a6a000 	C:\Program Files\Java\jdk-13.0.2\bin\jimage.dll

dbghelp: loaded successfully - version: 4.0.5 - missing functions: none
symbol engine: initialized successfully - sym options: 0x614 - pdb path: .;C:\Program Files\Java\jdk-13.0.2\bin;C:\WINDOWS\SYSTEM32;C:\WINDOWS\WinSxS\amd64_microsoft.windows.common-controls_6595b64144ccf1df_6.0.18362.1379_none_9e7ff3b3e45cc0c4;C:\Program Files\Java\jdk-13.0.2\bin\server

VM Arguments:
java_command: JanelaChat
java_class_path (initial): C:\Program Files\Java\jdk-13.0.2\lib;C:\Program Files\Java\jdk-13.0.2\lib\tools.jar;C:\Program Files\Java\jdk-13.0.2\lib\dt.jar;C:\Program Files\Java\jdk-13.0.2\lib\activemq-all-5.16.0.jar;C:\Users\herme\eclipse-workspace\MOM_aprendizado\bin;C:\Users\herme\eclipse-workspace\Testes_MOM\bin;C:\Users\herme\Desktop\Semestre 2020.2\PPD\Trabalho 4\river\lib-dl\reggie-dl.jar;C:\Users\herme\Desktop\Semestre 2020.2\PPD\Trabalho 4\river\lib-dl\outrigger-dl.jar;C:\Users\herme\Desktop\Semestre 2020.2\PPD\Trabalho 4\river\lib\reggie.jar;C:\Users\herme\Desktop\Semestre 2020.2\PPD\Trabalho 4\river\lib\outrigger.jar;C:\Users\herme\Desktop\Semestre 2020.2\PPD\Trabalho 4\river\lib\outrigger-snaplogstore.jar;C:\Users\herme\eclipse-workspace\Tuplas_Exemplo_Professor\bin;C:\Users\herme\Desktop\Semestre 2020.2\PPD\Trabalho 4\river\lib\jini-ext.jar;C:\Users\herme\Desktop\Semestre 2020.2\PPD\Trabalho 4\river\lib\jini-core.jar;C:\Users\herme\Desktop\Semestre 2020.2\PPD\Trabalho 4\river\lib\jsk-platform.jar;C:\Users\herme\eclipse-workspace\Aula 107\bin;C:\Users\herme\eclipse-workspace\Trabalho de Tuplas\bin;C:\Users\herme\eclipse-workspace\Trabalho_5\bin;C:\Users\herme\eclipse-workspace\TestMOM\bin;C:\Users\herme\eclipse-workspace\Relembrando_RMI\bin
Launcher Type: SUN_STANDARD

[Global flags]
     intx CICompilerCount                          = 4                                         {product} {ergonomic}
     uint ConcGCThreads                            = 2                                         {product} {ergonomic}
     uint G1ConcRefinementThreads                  = 8                                         {product} {ergonomic}
   size_t G1HeapRegionSize                         = 1048576                                   {product} {ergonomic}
    uintx GCDrainStackTargetSize                   = 64                                        {product} {ergonomic}
   size_t InitialHeapSize                          = 132120576                                 {product} {ergonomic}
   size_t MarkStackSize                            = 4194304                                   {product} {ergonomic}
   size_t MaxHeapSize                              = 2111832064                                {product} {ergonomic}
   size_t MinHeapDeltaBytes                        = 1048576                                   {product} {ergonomic}
   size_t MinHeapSize                              = 8388608                                   {product} {ergonomic}
    uintx NonNMethodCodeHeapSize                   = 5839372                                {pd product} {ergonomic}
    uintx NonProfiledCodeHeapSize                  = 122909434                              {pd product} {ergonomic}
    uintx ProfiledCodeHeapSize                     = 122909434                              {pd product} {ergonomic}
    uintx ReservedCodeCacheSize                    = 251658240                              {pd product} {ergonomic}
     bool SegmentedCodeCache                       = true                                      {product} {ergonomic}
   size_t SoftMaxHeapSize                          = 2111832064                             {manageable} {ergonomic}
     bool UseCompressedClassPointers               = true                                 {lp64_product} {ergonomic}
     bool UseCompressedOops                        = true                                 {lp64_product} {ergonomic}
     bool UseG1GC                                  = true                                      {product} {ergonomic}
     bool UseLargePagesIndividualAllocation        = false                                  {pd product} {ergonomic}

Logging:
Log output configuration:
 #0: stdout all=warning uptime,level,tags
 #1: stderr all=off uptime,level,tags

Environment Variables:
JAVA_HOME=C:\Program Files\Java\jdk-13.0.2
CLASSPATH=C:\Program Files\Java\jdk-13.0.2\lib;C:\Program Files\Java\jdk-13.0.2\lib\tools.jar;C:\Program Files\Java\jdk-13.0.2\lib\dt.jar;C:\Program Files\Java\jdk-13.0.2\lib\activemq-all-5.16.0.jar;C:\Users\herme\eclipse-workspace\MOM_aprendizado\bin;C:\Users\herme\eclipse-workspace\Testes_MOM\bin;C:\Users\herme\Desktop\Semestre 2020.2\PPD\Trabalho 4\river\lib-dl\reggie-dl.jar;C:\Users\herme\Desktop\Semestre 2020.2\PPD\Trabalho 4\river\lib-dl\outrigger-dl.jar;C:\Users\herme\Desktop\Semestre 2020.2\PPD\Trabalho 4\river\lib\reggie.jar;C:\Users\herme\Desktop\Semestre 2020.2\PPD\Trabalho 4\river\lib\outrigger.jar;C:\Users\herme\Desktop\Semestre 2020.2\PPD\Trabalho 4\river\lib\outrigger-snaplogstore.jar;C:\Users\herme\eclipse-workspace\Tuplas_Exemplo_Professor\bin;C:\Users\herme\Desktop\Semestre 2020.2\PPD\Trabalho 4\river\lib\jini-ext.jar;C:\Users\herme\Desktop\Semestre 2020.2\PPD\Trabalho 4\river\lib\jini-core.jar;C:\Users\herme\Desktop\Semestre 2020.2\PPD\Trabalho 4\river\lib\jsk-platform.jar;C:\Users\herme\eclipse-workspace\Aula 107\bin;C:\Users\herme\eclipse-workspace\Trabalho de Tuplas\bin;C:\Users\herme\eclipse-workspace\Trabalho_5\bin;C:\Users\herme\eclipse-workspace\TestMOM\bin;C:\Users\herme\eclipse-workspace\Relembrando_RMI\bin
PATH=C:\Program Files\Java\jdk-13.0.2\bin;C:\Windows\System32;C:\Users\herme\bin;C:\Users\herme\Desktop\Semestre 2020.2\PPD\Trabalho 4\river\lib;C:\Users\herme\Desktop\Semestre 2020.2\PPD\Trabalho 4\river\lib-dl;C:\Users\herme\Desktop\Semestre 2020.2\PPD\Trabalho 4\river\lib-ext;C:\Users\herme\eclipse-workspace\Tuplas_Exemplo_Professor\bin;C:\Users\herme\Desktop\Semestre 2020.2\PPD\Trabalho 3\apache-activemq-5.16.0\bin;C:\Users\herme\Desktop\Semestre 2020.2\PPD\Trabalho 4\river\exemplo\space;C:\Program Files\Java\jdk-13.0.2\bin;C:\Windows\System32;C:\Users\herme\Desktop\Semestre 2020.2\PPD\Trabalho 4\river\lib;C:\Users\herme\Desktop\Semestre 2020.2\PPD\Trabalho 4\river\lib-dl;C:\Users\herme\Desktop\Semestre 2020.2\PPD\Trabalho 4\river\lib-ext;
USERNAME=herme
OS=Windows_NT
PROCESSOR_IDENTIFIER=Intel64 Family 6 Model 142 Stepping 11, GenuineIntel



---------------  S Y S T E M  ---------------

OS: Windows 10 , 64 bit Build 18362 (10.0.18362.1350)

CPU:total 8 (initial active 8) (4 cores per cpu, 2 threads per core) family 6 model 142 stepping 11, cmov, cx8, fxsr, mmx, sse, sse2, sse3, ssse3, sse4.1, sse4.2, popcnt, avx, avx2, aes, clmul, erms, 3dnowpref, lzcnt, ht, tsc, tscinvbit, bmi1, bmi2, adx, fma

Memory: 4k page, system-wide physical 8052M (3416M free)
TotalPageFile size 8052M (AvailPageFile size 5M)
current process WorkingSet (physical memory assigned to process): 10M, peak: 10M
current process commit charge ("private bytes"): 54M, peak: 55M

vm_info: Java HotSpot(TM) 64-Bit Server VM (13.0.2+8) for windows-amd64 JRE (13.0.2+8), built on Dec 11 2019 09:20:33 by "mach5one" with unknown MS VC++:1916

END.
