#
# There is insufficient memory for the Java Runtime Environment to continue.
# Native memory allocation (mmap) failed to map 132120576 bytes for Failed to commit area from 0x0000000082200000 to 0x000000008a000000 of length 132120576.
# Possible reasons:
#   The system is out of physical RAM or swap space
#   The process is running with CompressedOops enabled, and the Java Heap may be blocking the growth of the native heap
# Possible solutions:
#   Reduce memory load on the system
#   Increase physical memory or swap space
#   Check if swap backing store is full
#   Decrease Java heap size (-Xmx/-Xms)
#   Decrease number of Java threads
#   Decrease Java thread stack sizes (-Xss)
#   Set larger code cache with -XX:ReservedCodeCacheSize=
# This output file may be truncated or incomplete.
#
#  Out of Memory Error (t:/workspace/open/src/hotspot/os/windows/os_windows.cpp:3301), pid=6940, tid=11948
#
# JRE version:  (13.0.2+8) (build )
# Java VM: Java HotSpot(TM) 64-Bit Server VM (13.0.2+8, mixed mode, aot, sharing, tiered, compressed oops, g1 gc, windows-amd64)
# No core dump will be written. Minidumps are not enabled by default on client versions of Windows
#

---------------  S U M M A R Y ------------

Command Line: JanelaChat

Host: Intel(R) Core(TM) i5-8265U CPU @ 1.60GHz, 8 cores, 7G,  Windows 10 , 64 bit Build 18362 (10.0.18362.1316)
Time: Thu Feb 11 22:48:22 2021 Hora Padrão de Buenos Aires elapsed time: 0 seconds (0d 0h 0m 0s)

---------------  T H R E A D  ---------------

Current thread (0x00000218dba1e000):  JavaThread "Unknown thread" [_thread_in_vm, id=11948, stack(0x0000006fca800000,0x0000006fca900000)]

Stack: [0x0000006fca800000,0x0000006fca900000]
Native frames: (J=compiled Java code, j=interpreted, Vv=VM code, C=native code)
V  [jvm.dll+0x624f9a]
V  [jvm.dll+0x770cfa]
V  [jvm.dll+0x7724af]
V  [jvm.dll+0x772ab3]
V  [jvm.dll+0x24bf08]
V  [jvm.dll+0x6222aa]
V  [jvm.dll+0x6170b5]
V  [jvm.dll+0x30a88c]
V  [jvm.dll+0x30a6c2]
V  [jvm.dll+0x30fe36]
V  [jvm.dll+0x353f46]
V  [jvm.dll+0x353720]
V  [jvm.dll+0x2e550a]
V  [jvm.dll+0x2e67a2]
V  [jvm.dll+0x74dd78]
V  [jvm.dll+0x361989]
V  [jvm.dll+0x730e65]
V  [jvm.dll+0x3cc53f]
V  [jvm.dll+0x3ce861]
C  [jli.dll+0x51ff]
C  [ucrtbase.dll+0x210b2]
C  [KERNEL32.DLL+0x17c24]
C  [ntdll.dll+0x6d4d1]


---------------  P R O C E S S  ---------------

Threads class SMR info:
_java_thread_list=0x00007ffe1327ccb8, length=0, elements={
}

Java Threads: ( => current thread )

Other Threads:
  0x00000218dba5f800 GCTaskThread "GC Thread#0" [stack: 0x0000006fca900000,0x0000006fcaa00000] [id=10904]
  0x00000218dba73800 ConcurrentGCThread "G1 Main Marker" [stack: 0x0000006fcaa00000,0x0000006fcab00000] [id=10932]
  0x00000218dba75800 ConcurrentGCThread "G1 Conc#0" [stack: 0x0000006fcab00000,0x0000006fcac00000] [id=14976]

[error occurred during error reporting (printing all threads), id 0xc0000005, EXCEPTION_ACCESS_VIOLATION (0xc0000005) at pc=0x00007ffe12ab51d7]

VM state:not at safepoint (not fully initialized)

VM Mutex/Monitor currently owned by a thread:  ([mutex/lock_event])
[0x00000218dba1be90] Heap_lock - owner thread: 0x00000218dba1e000

Heap address: 0x0000000082200000, size: 2014 MB, Compressed Oops mode: Non-zero based: 0x0000000082200000
Narrow klass base: 0x0000000000000000, Narrow klass shift: 0

GC Heap History (0 events):
No events

Deoptimization events (0 events):
No events

Classes unloaded (0 events):
No events

Classes redefined (0 events):
No events

Internal exceptions (0 events):
No events

Events (8 events):
Event: 0.005 Loaded shared library C:\Program Files\Java\jdk-13.0.2\bin\zip.dll
Event: 0.006 Loaded shared library C:\Program Files\Java\jdk-13.0.2\bin\jimage.dll
Event: 0.006 Loading shared library C:\Program Files\Java\jdk-13.0.2\lib\libjava.base-coop.dll failed, error code 126
Event: 0.007 Loading shared library C:\Program Files\Java\jdk-13.0.2\lib\libjava.logging-coop.dll failed, error code 126
Event: 0.007 Loading shared library C:\Program Files\Java\jdk-13.0.2\lib\libjdk.compiler-coop.dll failed, error code 126
Event: 0.007 Loading shared library C:\Program Files\Java\jdk-13.0.2\lib\libjdk.scripting.nashorn-coop.dll failed, error code 126
Event: 0.007 Loading shared library C:\Program Files\Java\jdk-13.0.2\lib\libjdk.internal.vm.ci-coop.dll failed, error code 126
Event: 0.007 Loading shared library C:\Program Files\Java\jdk-13.0.2\lib\libjdk.internal.vm.compiler-coop.dll failed, error code 126


Dynamic libraries:
0x00007ff665290000 - 0x00007ff66529f000 	C:\Program Files\Java\jdk-13.0.2\bin\java.exe
0x00007ffe5dd20000 - 0x00007ffe5df10000 	C:\WINDOWS\SYSTEM32\ntdll.dll
0x00007ffe5c4d0000 - 0x00007ffe5c582000 	C:\WINDOWS\System32\KERNEL32.DLL
0x00007ffe5b470000 - 0x00007ffe5b715000 	C:\WINDOWS\System32\KERNELBASE.dll
0x00007ffe5bc00000 - 0x00007ffe5bcfa000 	C:\WINDOWS\System32\ucrtbase.dll
0x00007ffe45a00000 - 0x00007ffe45a18000 	C:\Program Files\Java\jdk-13.0.2\bin\jli.dll
0x00007ffe48560000 - 0x00007ffe48575000 	C:\Program Files\Java\jdk-13.0.2\bin\VCRUNTIME140.dll
0x00007ffe5c880000 - 0x00007ffe5c923000 	C:\WINDOWS\System32\ADVAPI32.dll
0x00007ffe5c3d0000 - 0x00007ffe5c46e000 	C:\WINDOWS\System32\msvcrt.dll
0x00007ffe5da40000 - 0x00007ffe5dad7000 	C:\WINDOWS\System32\sechost.dll
0x00007ffe5d720000 - 0x00007ffe5d83f000 	C:\WINDOWS\System32\RPCRT4.dll
0x00007ffe5d870000 - 0x00007ffe5da04000 	C:\WINDOWS\System32\USER32.dll
0x00007ffe5ba30000 - 0x00007ffe5ba51000 	C:\WINDOWS\System32\win32u.dll
0x00007ffe3df20000 - 0x00007ffe3e1a4000 	C:\WINDOWS\WinSxS\amd64_microsoft.windows.common-controls_6595b64144ccf1df_6.0.18362.1316_none_9e7a364fe461dbd7\COMCTL32.dll
0x00007ffe5da10000 - 0x00007ffe5da36000 	C:\WINDOWS\System32\GDI32.dll
0x00007ffe5d090000 - 0x00007ffe5d3c7000 	C:\WINDOWS\System32\combase.dll
0x00007ffe5ba60000 - 0x00007ffe5bbf8000 	C:\WINDOWS\System32\gdi32full.dll
0x00007ffe5b850000 - 0x00007ffe5b8d1000 	C:\WINDOWS\System32\bcryptPrimitives.dll
0x00007ffe5bd30000 - 0x00007ffe5bdce000 	C:\WINDOWS\System32\msvcp_win.dll
0x00007ffe453b0000 - 0x00007ffe453ba000 	C:\WINDOWS\SYSTEM32\VERSION.dll
0x00007ffe5bdd0000 - 0x00007ffe5bdfe000 	C:\WINDOWS\System32\IMM32.DLL
0x00007ffe27740000 - 0x00007ffe277db000 	C:\Program Files\Java\jdk-13.0.2\bin\msvcp140.dll
0x00007ffe127c0000 - 0x00007ffe1331d000 	C:\Program Files\Java\jdk-13.0.2\bin\server\jvm.dll
0x00007ffe5c810000 - 0x00007ffe5c818000 	C:\WINDOWS\System32\PSAPI.DLL
0x00007ffe526b0000 - 0x00007ffe526b9000 	C:\WINDOWS\SYSTEM32\WSOCK32.dll
0x00007ffe54160000 - 0x00007ffe54184000 	C:\WINDOWS\SYSTEM32\WINMM.dll
0x00007ffe5c930000 - 0x00007ffe5c99f000 	C:\WINDOWS\System32\WS2_32.dll
0x00007ffe54130000 - 0x00007ffe5415d000 	C:\WINDOWS\SYSTEM32\winmmbase.dll
0x00007ffe5b420000 - 0x00007ffe5b46a000 	C:\WINDOWS\System32\cfgmgr32.dll
0x00007ffe5abe0000 - 0x00007ffe5abf1000 	C:\WINDOWS\System32\kernel.appcore.dll
0x00007ffe472d0000 - 0x00007ffe472e0000 	C:\Program Files\Java\jdk-13.0.2\bin\verify.dll
0x00007ffe595a0000 - 0x00007ffe59794000 	C:\WINDOWS\SYSTEM32\DBGHELP.DLL
0x00007ffe40370000 - 0x00007ffe4039a000 	C:\WINDOWS\SYSTEM32\dbgcore.DLL
0x00007ffe43340000 - 0x00007ffe43366000 	C:\Program Files\Java\jdk-13.0.2\bin\java.dll
0x00007ffe3ce30000 - 0x00007ffe3ce47000 	C:\Program Files\Java\jdk-13.0.2\bin\zip.dll
0x00007ffe45b20000 - 0x00007ffe45b2a000 	C:\Program Files\Java\jdk-13.0.2\bin\jimage.dll

dbghelp: loaded successfully - version: 4.0.5 - missing functions: none
symbol engine: initialized successfully - sym options: 0x614 - pdb path: .;C:\Program Files\Java\jdk-13.0.2\bin;C:\WINDOWS\SYSTEM32;C:\WINDOWS\WinSxS\amd64_microsoft.windows.common-controls_6595b64144ccf1df_6.0.18362.1316_none_9e7a364fe461dbd7;C:\Program Files\Java\jdk-13.0.2\bin\server

VM Arguments:
java_command: JanelaChat
java_class_path (initial): C:\Program Files\Java\jdk-13.0.2\lib;C:\Program Files\Java\jdk-13.0.2\lib\tools.jar;C:\Program Files\Java\jdk-13.0.2\lib\dt.jar;C:\Program Files\Java\jdk-13.0.2\lib\activemq-all-5.16.0.jar;C:\Users\herme\eclipse-workspace\MOM_aprendizado\bin;C:\Users\herme\eclipse-workspace\Testes_MOM\bin;C:\Users\herme\Desktop\Semestre 2020.2\PPD\Trabalho 4\river\lib-dl\reggie-dl.jar;C:\Users\herme\Desktop\Semestre 2020.2\PPD\Trabalho 4\river\lib-dl\outrigger-dl.jar;C:\Users\herme\Desktop\Semestre 2020.2\PPD\Trabalho 4\river\lib\reggie.jar;C:\Users\herme\Desktop\Semestre 2020.2\PPD\Trabalho 4\river\lib\outrigger.jar;C:\Users\herme\Desktop\Semestre 2020.2\PPD\Trabalho 4\river\lib\outrigger-snaplogstore.jar;C:\Users\herme\eclipse-workspace\Tuplas_Exemplo_Professor\bin;C:\Users\herme\Desktop\Semestre 2020.2\PPD\Trabalho 4\river\lib\jini-ext.jar;C:\Users\herme\Desktop\Semestre 2020.2\PPD\Trabalho 4\river\lib\jini-core.jar;C:\Users\herme\Desktop\Semestre 2020.2\PPD\Trabalho 4\river\lib\jsk-platform.jar;C:\Users\herme\eclipse-workspace\Aula 107\bin;C:\Users\herme\eclipse-workspace\Trabalho de Tuplas\bin;C:\Users\herme\eclipse-workspace\Trabalho_5\bin
Launcher Type: SUN_STANDARD

[Global flags]
     intx CICompilerCount                          = 4                                         {product} {ergonomic}
     uint ConcGCThreads                            = 2                                         {product} {ergonomic}
     uint G1ConcRefinementThreads                  = 8                                         {product} {ergonomic}
   size_t G1HeapRegionSize                         = 1048576                                   {product} {ergonomic}
    uintx GCDrainStackTargetSize                   = 64                                        {product} {ergonomic}
   size_t InitialHeapSize                          = 132120576                                 {product} {ergonomic}
   size_t MarkStackSize                            = 4194304                                   {product} {ergonomic}
   size_t MaxHeapSize                              = 2111832064                                {product} {ergonomic}
   size_t MinHeapDeltaBytes                        = 1048576                                   {product} {ergonomic}
   size_t MinHeapSize                              = 8388608                                   {product} {ergonomic}
    uintx NonNMethodCodeHeapSize                   = 5839372                                {pd product} {ergonomic}
    uintx NonProfiledCodeHeapSize                  = 122909434                              {pd product} {ergonomic}
    uintx ProfiledCodeHeapSize                     = 122909434                              {pd product} {ergonomic}
    uintx ReservedCodeCacheSize                    = 251658240                              {pd product} {ergonomic}
     bool SegmentedCodeCache                       = true                                      {product} {ergonomic}
   size_t SoftMaxHeapSize                          = 2111832064                             {manageable} {ergonomic}
     bool UseCompressedClassPointers               = true                                 {lp64_product} {ergonomic}
     bool UseCompressedOops                        = true                                 {lp64_product} {ergonomic}
     bool UseG1GC                                  = true                                      {product} {ergonomic}
     bool UseLargePagesIndividualAllocation        = false                                  {pd product} {ergonomic}

Logging:
Log output configuration:
 #0: stdout all=warning uptime,level,tags
 #1: stderr all=off uptime,level,tags

Environment Variables:
JAVA_HOME=C:\Program Files\Java\jdk-13.0.2
CLASSPATH=C:\Program Files\Java\jdk-13.0.2\lib;C:\Program Files\Java\jdk-13.0.2\lib\tools.jar;C:\Program Files\Java\jdk-13.0.2\lib\dt.jar;C:\Program Files\Java\jdk-13.0.2\lib\activemq-all-5.16.0.jar;C:\Users\herme\eclipse-workspace\MOM_aprendizado\bin;C:\Users\herme\eclipse-workspace\Testes_MOM\bin;C:\Users\herme\Desktop\Semestre 2020.2\PPD\Trabalho 4\river\lib-dl\reggie-dl.jar;C:\Users\herme\Desktop\Semestre 2020.2\PPD\Trabalho 4\river\lib-dl\outrigger-dl.jar;C:\Users\herme\Desktop\Semestre 2020.2\PPD\Trabalho 4\river\lib\reggie.jar;C:\Users\herme\Desktop\Semestre 2020.2\PPD\Trabalho 4\river\lib\outrigger.jar;C:\Users\herme\Desktop\Semestre 2020.2\PPD\Trabalho 4\river\lib\outrigger-snaplogstore.jar;C:\Users\herme\eclipse-workspace\Tuplas_Exemplo_Professor\bin;C:\Users\herme\Desktop\Semestre 2020.2\PPD\Trabalho 4\river\lib\jini-ext.jar;C:\Users\herme\Desktop\Semestre 2020.2\PPD\Trabalho 4\river\lib\jini-core.jar;C:\Users\herme\Desktop\Semestre 2020.2\PPD\Trabalho 4\river\lib\jsk-platform.jar;C:\Users\herme\eclipse-workspace\Aula 107\bin;C:\Users\herme\eclipse-workspace\Trabalho de Tuplas\bin;C:\Users\herme\eclipse-workspace\Trabalho_5\bin
PATH=C:\Program Files\Java\jdk-13.0.2\bin;C:\Windows\System32;C:\Users\herme\bin;C:\Users\herme\Desktop\Semestre 2020.2\PPD\Trabalho 4\river\lib;C:\Users\herme\Desktop\Semestre 2020.2\PPD\Trabalho 4\river\lib-dl;C:\Users\herme\Desktop\Semestre 2020.2\PPD\Trabalho 4\river\lib-ext;C:\Users\herme\eclipse-workspace\Tuplas_Exemplo_Professor\bin;C:\Program Files\Java\jdk-13.0.2\bin;C:\Windows\System32;C:\Users\herme\Desktop\Semestre 2020.2\PPD\Trabalho 4\river\lib;C:\Users\herme\Desktop\Semestre 2020.2\PPD\Trabalho 4\river\lib-dl;C:\Users\herme\Desktop\Semestre 2020.2\PPD\Trabalho 4\river\lib-ext;
USERNAME=herme
OS=Windows_NT
PROCESSOR_IDENTIFIER=Intel64 Family 6 Model 142 Stepping 11, GenuineIntel



---------------  S Y S T E M  ---------------

OS: Windows 10 , 64 bit Build 18362 (10.0.18362.1316)

CPU:total 8 (initial active 8) (4 cores per cpu, 2 threads per core) family 6 model 142 stepping 11, cmov, cx8, fxsr, mmx, sse, sse2, sse3, ssse3, sse4.1, sse4.2, popcnt, avx, avx2, aes, clmul, erms, 3dnowpref, lzcnt, ht, tsc, tscinvbit, bmi1, bmi2, adx, fma

Memory: 4k page, system-wide physical 8052M (3376M free)
TotalPageFile size 8052M (AvailPageFile size 34M)
current process WorkingSet (physical memory assigned to process): 10M, peak: 10M
current process commit charge ("private bytes"): 60M, peak: 186M

vm_info: Java HotSpot(TM) 64-Bit Server VM (13.0.2+8) for windows-amd64 JRE (13.0.2+8), built on Dec 11 2019 09:20:33 by "mach5one" with unknown MS VC++:1916

END.
