#
# There is insufficient memory for the Java Runtime Environment to continue.
# Native memory allocation (mmap) failed to map 132120576 bytes for Failed to commit area from 0x0000000082200000 to 0x000000008a000000 of length 132120576.
# Possible reasons:
#   The system is out of physical RAM or swap space
#   The process is running with CompressedOops enabled, and the Java Heap may be blocking the growth of the native heap
# Possible solutions:
#   Reduce memory load on the system
#   Increase physical memory or swap space
#   Check if swap backing store is full
#   Decrease Java heap size (-Xmx/-Xms)
#   Decrease number of Java threads
#   Decrease Java thread stack sizes (-Xss)
#   Set larger code cache with -XX:ReservedCodeCacheSize=
# This output file may be truncated or incomplete.
#
#  Out of Memory Error (t:/workspace/open/src/hotspot/os/windows/os_windows.cpp:3301), pid=11816, tid=1076
#
# JRE version:  (13.0.2+8) (build )
# Java VM: Java HotSpot(TM) 64-Bit Server VM (13.0.2+8, mixed mode, aot, sharing, tiered, compressed oops, g1 gc, windows-amd64)
# No core dump will be written. Minidumps are not enabled by default on client versions of Windows
#

---------------  S U M M A R Y ------------

Command Line: -Dfile.encoding=Cp1252 Mediador

Host: Intel(R) Core(TM) i5-8265U CPU @ 1.60GHz, 8 cores, 7G,  Windows 10 , 64 bit Build 18362 (10.0.18362.1350)
Time: Fri Feb 19 22:47:24 2021 Hora Padrão de Buenos Aires elapsed time: 0 seconds (0d 0h 0m 0s)

---------------  T H R E A D  ---------------

Current thread (0x0000017b2f7e4800):  JavaThread "Unknown thread" [_thread_in_vm, id=1076, stack(0x0000004794e00000,0x0000004794f00000)]

Stack: [0x0000004794e00000,0x0000004794f00000]
Native frames: (J=compiled Java code, j=interpreted, Vv=VM code, C=native code)
V  [jvm.dll+0x624f9a]
V  [jvm.dll+0x770cfa]
V  [jvm.dll+0x7724af]
V  [jvm.dll+0x772ab3]
V  [jvm.dll+0x24bf08]
V  [jvm.dll+0x6222aa]
V  [jvm.dll+0x6170b5]
V  [jvm.dll+0x30a88c]
V  [jvm.dll+0x30a6c2]
V  [jvm.dll+0x30fe36]
V  [jvm.dll+0x353f46]
V  [jvm.dll+0x353720]
V  [jvm.dll+0x2e550a]
V  [jvm.dll+0x2e67a2]
V  [jvm.dll+0x74dd78]
V  [jvm.dll+0x361989]
V  [jvm.dll+0x730e65]
V  [jvm.dll+0x3cc53f]
V  [jvm.dll+0x3ce861]
C  [jli.dll+0x51ff]
C  [ucrtbase.dll+0x210b2]
C  [KERNEL32.DLL+0x17c24]
C  [ntdll.dll+0x6d721]


---------------  P R O C E S S  ---------------

Threads class SMR info:
_java_thread_list=0x00007ffd9a1cccb8, length=0, elements={
}

Java Threads: ( => current thread )

Other Threads:
  0x0000017b2f827800 GCTaskThread "GC Thread#0" [stack: 0x0000004794f00000,0x0000004795000000] [id=2244]
  0x0000017b2f83b800 ConcurrentGCThread "G1 Main Marker" [stack: 0x0000004795000000,0x0000004795100000] [id=7592]
  0x0000017b2f83c800 ConcurrentGCThread "G1 Conc#0" [stack: 0x0000004795100000,0x0000004795200000] [id=10448]

[error occurred during error reporting (printing all threads), id 0xc0000005, EXCEPTION_ACCESS_VIOLATION (0xc0000005) at pc=0x00007ffd99a051d7]

VM state:not at safepoint (not fully initialized)

VM Mutex/Monitor currently owned by a thread:  ([mutex/lock_event])
[0x0000017b2f7e0a90] Heap_lock - owner thread: 0x0000017b2f7e4800

Heap address: 0x0000000082200000, size: 2014 MB, Compressed Oops mode: Non-zero based: 0x0000000082200000
Narrow klass base: 0x0000000000000000, Narrow klass shift: 0

GC Heap History (0 events):
No events

Deoptimization events (0 events):
No events

Classes unloaded (0 events):
No events

Classes redefined (0 events):
No events

Internal exceptions (0 events):
No events

Events (8 events):
Event: 0.007 Loaded shared library C:\Program Files\Java\jdk-13.0.2\bin\zip.dll
Event: 0.007 Loaded shared library C:\Program Files\Java\jdk-13.0.2\bin\jimage.dll
Event: 0.008 Loading shared library C:\Program Files\Java\jdk-13.0.2\lib\libjava.base-coop.dll failed, error code 126
Event: 0.009 Loading shared library C:\Program Files\Java\jdk-13.0.2\lib\libjava.logging-coop.dll failed, error code 126
Event: 0.009 Loading shared library C:\Program Files\Java\jdk-13.0.2\lib\libjdk.compiler-coop.dll failed, error code 126
Event: 0.009 Loading shared library C:\Program Files\Java\jdk-13.0.2\lib\libjdk.scripting.nashorn-coop.dll failed, error code 126
Event: 0.009 Loading shared library C:\Program Files\Java\jdk-13.0.2\lib\libjdk.internal.vm.ci-coop.dll failed, error code 126
Event: 0.009 Loading shared library C:\Program Files\Java\jdk-13.0.2\lib\libjdk.internal.vm.compiler-coop.dll failed, error code 126


Dynamic libraries:
0x00007ff70f4a0000 - 0x00007ff70f4af000 	C:\Program Files\Java\jdk-13.0.2\bin\javaw.exe
0x00007ffdda8a0000 - 0x00007ffddaa90000 	C:\WINDOWS\SYSTEM32\ntdll.dll
0x00007ffdd8d10000 - 0x00007ffdd8dc2000 	C:\WINDOWS\System32\KERNEL32.DLL
0x00007ffdd7b20000 - 0x00007ffdd7dc5000 	C:\WINDOWS\System32\KERNELBASE.dll
0x00007ffdd7dd0000 - 0x00007ffdd7eca000 	C:\WINDOWS\System32\ucrtbase.dll
0x00007ffdcb870000 - 0x00007ffdcb888000 	C:\Program Files\Java\jdk-13.0.2\bin\jli.dll
0x00007ffdc5280000 - 0x00007ffdc5295000 	C:\Program Files\Java\jdk-13.0.2\bin\VCRUNTIME140.dll
0x00007ffdda260000 - 0x00007ffdda303000 	C:\WINDOWS\System32\ADVAPI32.dll
0x00007ffdd8c00000 - 0x00007ffdd8c9e000 	C:\WINDOWS\System32\msvcrt.dll
0x00007ffdd9300000 - 0x00007ffdd9397000 	C:\WINDOWS\System32\sechost.dll
0x00007ffdd8dd0000 - 0x00007ffdd8eef000 	C:\WINDOWS\System32\RPCRT4.dll
0x00007ffdda6b0000 - 0x00007ffdda844000 	C:\WINDOWS\System32\USER32.dll
0x00007ffdd7ed0000 - 0x00007ffdd7ef1000 	C:\WINDOWS\System32\win32u.dll
0x00007ffdb6620000 - 0x00007ffdb68a4000 	C:\WINDOWS\WinSxS\amd64_microsoft.windows.common-controls_6595b64144ccf1df_6.0.18362.1379_none_9e7ff3b3e45cc0c4\COMCTL32.dll
0x00007ffdda600000 - 0x00007ffdda626000 	C:\WINDOWS\System32\GDI32.dll
0x00007ffdd8ef0000 - 0x00007ffdd9227000 	C:\WINDOWS\System32\combase.dll
0x00007ffdd7f90000 - 0x00007ffdd8128000 	C:\WINDOWS\System32\gdi32full.dll
0x00007ffdd7f00000 - 0x00007ffdd7f81000 	C:\WINDOWS\System32\bcryptPrimitives.dll
0x00007ffdd8130000 - 0x00007ffdd81ce000 	C:\WINDOWS\System32\msvcp_win.dll
0x00007ffdbbc20000 - 0x00007ffdbbc2a000 	C:\WINDOWS\SYSTEM32\VERSION.dll
0x00007ffdd94f0000 - 0x00007ffdd951e000 	C:\WINDOWS\System32\IMM32.DLL
0x00007ffdc2510000 - 0x00007ffdc25ab000 	C:\Program Files\Java\jdk-13.0.2\bin\msvcp140.dll
0x00007ffd99710000 - 0x00007ffd9a26d000 	C:\Program Files\Java\jdk-13.0.2\bin\server\jvm.dll
0x00007ffdda850000 - 0x00007ffdda858000 	C:\WINDOWS\System32\PSAPI.DLL
0x00007ffdc2440000 - 0x00007ffdc2449000 	C:\WINDOWS\SYSTEM32\WSOCK32.dll
0x00007ffdd1c70000 - 0x00007ffdd1c94000 	C:\WINDOWS\SYSTEM32\WINMM.dll
0x00007ffdd9480000 - 0x00007ffdd94ef000 	C:\WINDOWS\System32\WS2_32.dll
0x00007ffdd1b60000 - 0x00007ffdd1b8d000 	C:\WINDOWS\SYSTEM32\winmmbase.dll
0x00007ffdd7970000 - 0x00007ffdd79ba000 	C:\WINDOWS\System32\cfgmgr32.dll
0x00007ffdd77d0000 - 0x00007ffdd77e1000 	C:\WINDOWS\System32\kernel.appcore.dll
0x00007ffdcf750000 - 0x00007ffdcf760000 	C:\Program Files\Java\jdk-13.0.2\bin\verify.dll
0x00007ffdd6320000 - 0x00007ffdd6514000 	C:\WINDOWS\SYSTEM32\DBGHELP.DLL
0x00007ffdb77c0000 - 0x00007ffdb77ea000 	C:\WINDOWS\SYSTEM32\dbgcore.DLL
0x00007ffdc46f0000 - 0x00007ffdc4716000 	C:\Program Files\Java\jdk-13.0.2\bin\java.dll
0x00007ffdc4ac0000 - 0x00007ffdc4ad7000 	C:\Program Files\Java\jdk-13.0.2\bin\zip.dll
0x00007ffdcb860000 - 0x00007ffdcb86a000 	C:\Program Files\Java\jdk-13.0.2\bin\jimage.dll

dbghelp: loaded successfully - version: 4.0.5 - missing functions: none
symbol engine: initialized successfully - sym options: 0x614 - pdb path: .;C:\Program Files\Java\jdk-13.0.2\bin;C:\WINDOWS\SYSTEM32;C:\WINDOWS\WinSxS\amd64_microsoft.windows.common-controls_6595b64144ccf1df_6.0.18362.1379_none_9e7ff3b3e45cc0c4;C:\Program Files\Java\jdk-13.0.2\bin\server

VM Arguments:
jvm_args: -Dfile.encoding=Cp1252 
java_command: Mediador
java_class_path (initial): C:\Users\herme\eclipse-workspace\Trabalho_5\bin;C:\Users\herme\Desktop\Semestre 2020.2\PPD\Trabalho 4\river\lib\asm-3.2.jar;C:\Users\herme\Desktop\Semestre 2020.2\PPD\Trabalho 4\river\lib\asm-commons-3.2.jar;C:\Users\herme\Desktop\Semestre 2020.2\PPD\Trabalho 4\river\lib\jsk-resources.jar;C:\Users\herme\Desktop\Semestre 2020.2\PPD\Trabalho 4\river\lib\jsk-platform.jar;C:\Users\herme\Desktop\Semestre 2020.2\PPD\Trabalho 4\river\lib\jsk-lib.jar;C:\Users\herme\Desktop\Semestre 2020.2\PPD\Trabalho 4\river\lib\serviceui.jar;C:\Users\herme\Desktop\Semestre 2020.2\PPD\Trabalho 4\river\lib\browser.jar;C:\Users\herme\Desktop\Semestre 2020.2\PPD\Trabalho 4\river\lib\tools.jar;C:\Users\herme\Desktop\Semestre 2020.2\PPD\Trabalho 4\river\lib\checkconfigurationfile.jar;C:\Users\herme\Desktop\Semestre 2020.2\PPD\Trabalho 4\river\lib\checkser.jar;C:\Users\herme\Desktop\Semestre 2020.2\PPD\Trabalho 4\river\lib\classdep.jar;C:\Users\herme\Desktop\Semestre 2020.2\PPD\Trabalho 4\river\lib\classserver.jar;C:\Users\herme\Desktop\Semestre 2020.2\PPD\Trabalho 4\river\lib\computedigest.jar;C:\Users\herme\Desktop\Semestre 2020.2\PPD\Trabalho 4\river\lib\computehttpmdcodebase.jar;C:\Users\herme\Desktop\Semestre 2020.2\PPD\Trabalho 4\river\lib\destroy.jar;C:\Users\herme\Desktop\Semestre 2020.2\PPD\Trabalho 4\river\lib\envcheck.jar;C:\Users\herme\Desktop\Semestre 2020.2\PPD\Trabalho 4\river\lib\extra.jar;C:\Users\herme\Desktop\Semestre 2020.2\PPD\Trabalho 4\river\lib\fiddler.jar;C:\Users\herme\Desktop\Semestre 2020.2\PPD\Trabalho 4\river\lib\group.jar;C:\Users\herme\Desktop\Semestre 2020.2\PPD\Trabalho 4\river\lib\jarwrapper.jar;C:\Users\herme\Desktop\Semestre 2020.2\PPD\Trabalho 4\river\lib\jini-core.jar;C:\Users\herme\Desktop\Semestre 2020.2\PPD\Trabalho 4\river\lib\jini-ext.jar;C:\Users\herme\Desktop\Semestre 2020.2\PPD\Trabalho 4\river\lib\jsk-debug-policy.jar;C:\Users\herme\Desktop\Semestre 2020.2\PPD\Trabalho 4\river\lib\mahalo.jar;C:\Users\herme\Desktop\Semes
Launcher Type: SUN_STANDARD

[Global flags]
     intx CICompilerCount                          = 4                                         {product} {ergonomic}
     uint ConcGCThreads                            = 2                                         {product} {ergonomic}
     uint G1ConcRefinementThreads                  = 8                                         {product} {ergonomic}
   size_t G1HeapRegionSize                         = 1048576                                   {product} {ergonomic}
    uintx GCDrainStackTargetSize                   = 64                                        {product} {ergonomic}
   size_t InitialHeapSize                          = 132120576                                 {product} {ergonomic}
   size_t MarkStackSize                            = 4194304                                   {product} {ergonomic}
   size_t MaxHeapSize                              = 2111832064                                {product} {ergonomic}
   size_t MinHeapDeltaBytes                        = 1048576                                   {product} {ergonomic}
   size_t MinHeapSize                              = 8388608                                   {product} {ergonomic}
    uintx NonNMethodCodeHeapSize                   = 5839372                                {pd product} {ergonomic}
    uintx NonProfiledCodeHeapSize                  = 122909434                              {pd product} {ergonomic}
    uintx ProfiledCodeHeapSize                     = 122909434                              {pd product} {ergonomic}
    uintx ReservedCodeCacheSize                    = 251658240                              {pd product} {ergonomic}
     bool SegmentedCodeCache                       = true                                      {product} {ergonomic}
   size_t SoftMaxHeapSize                          = 2111832064                             {manageable} {ergonomic}
     bool UseCompressedClassPointers               = true                                 {lp64_product} {ergonomic}
     bool UseCompressedOops                        = true                                 {lp64_product} {ergonomic}
     bool UseG1GC                                  = true                                      {product} {ergonomic}
     bool UseLargePagesIndividualAllocation        = false                                  {pd product} {ergonomic}

Logging:
Log output configuration:
 #0: stdout all=warning uptime,level,tags
 #1: stderr all=off uptime,level,tags

Environment Variables:
JAVA_HOME=C:\Program Files\Java\jdk-13.0.2
CLASSPATH=C:\Program Files\Java\jdk-13.0.2\lib;C:\Program Files\Java\jdk-13.0.2\lib\tools.jar;C:\Program Files\Java\jdk-13.0.2\lib\dt.jar;C:\Program Files\Java\jdk-13.0.2\lib\activemq-all-5.16.0.jar;C:\Users\herme\eclipse-workspace\MOM_aprendizado\bin;C:\Users\herme\eclipse-workspace\Testes_MOM\bin;C:\Users\herme\Desktop\Semestre 2020.2\PPD\Trabalho 4\river\lib-dl\reggie-dl.jar;C:\Users\herme\Desktop\Semestre 2020.2\PPD\Trabalho 4\river\lib-dl\outrigger-dl.jar;C:\Users\herme\Desktop\Semestre 2020.2\PPD\Trabalho 4\river\lib\reggie.jar;C:\Users\herme\Desktop\Semestre 2020.2\PPD\Trabalho 4\river\lib\outrigger.jar;C:\Users\herme\Desktop\Semestre 2020.2\PPD\Trabalho 4\river\lib\outrigger-snaplogstore.jar;C:\Users\herme\eclipse-workspace\Tuplas_Exemplo_Professor\bin;C:\Users\herme\Desktop\Semestre 2020.2\PPD\Trabalho 4\river\lib\jini-ext.jar;C:\Users\herme\Desktop\Semestre 2020.2\PPD\Trabalho 4\river\lib\jini-core.jar;C:\Users\herme\Desktop\Semestre 2020.2\PPD\Trabalho 4\river\lib\jsk-platform.jar;C:\Users\herme\eclipse-workspace\Aula 107\bin;C:\Users\herme\eclipse-workspace\Trabalho de Tuplas\bin;C:\Users\herme\eclipse-workspace\Trabalho_5\bin;C:\Users\herme\eclipse-workspace\TestMOM\bin;C:\Users\herme\eclipse-workspace\Relembrando_RMI\bin
PATH=C:/Program Files/Java/jdk-13.0.2/bin/server;C:/Program Files/Java/jdk-13.0.2/bin;C:\Program Files\Java\jdk-13.0.2\bin;C:\Windows\System32;C:\Users\herme\bin;C:\Users\herme\Desktop\Semestre 2020.2\PPD\Trabalho 4\river\lib;C:\Users\herme\Desktop\Semestre 2020.2\PPD\Trabalho 4\river\lib-dl;C:\Users\herme\Desktop\Semestre 2020.2\PPD\Trabalho 4\river\lib-ext;C:\Users\herme\eclipse-workspace\Tuplas_Exemplo_Professor\bin;C:\Program Files\Java\jdk-13.0.2\bin;C:\Windows\System32;C:\Users\herme\Desktop\Semestre 2020.2\PPD\Trabalho 4\river\lib;C:\Users\herme\Desktop\Semestre 2020.2\PPD\Trabalho 4\river\lib-dl;C:\Users\herme\Desktop\Semestre 2020.2\PPD\Trabalho 4\river\lib-ext;;C:\WINDOWS\System32;
USERNAME=herme
OS=Windows_NT
PROCESSOR_IDENTIFIER=Intel64 Family 6 Model 142 Stepping 11, GenuineIntel



---------------  S Y S T E M  ---------------

OS: Windows 10 , 64 bit Build 18362 (10.0.18362.1350)

CPU:total 8 (initial active 8) (4 cores per cpu, 2 threads per core) family 6 model 142 stepping 11, cmov, cx8, fxsr, mmx, sse, sse2, sse3, ssse3, sse4.1, sse4.2, popcnt, avx, avx2, aes, clmul, erms, 3dnowpref, lzcnt, ht, tsc, tscinvbit, bmi1, bmi2, adx, fma

Memory: 4k page, system-wide physical 8052M (3188M free)
TotalPageFile size 8052M (AvailPageFile size 16M)
current process WorkingSet (physical memory assigned to process): 10M, peak: 10M
current process commit charge ("private bytes"): 60M, peak: 186M

vm_info: Java HotSpot(TM) 64-Bit Server VM (13.0.2+8) for windows-amd64 JRE (13.0.2+8), built on Dec 11 2019 09:20:33 by "mach5one" with unknown MS VC++:1916

END.
